23:59:09.796  INFO  manager.ApplicationManager - All tests star in Chrome Browser
23:59:11.500  INFO  manager.ApplicationManager - Current Url -->https://telranedu.web.app/home
23:59:11.515  INFO  tests.TestBase - The name of starts method is --->registrationSuccess
23:59:11.518  INFO  manager.ListenerWD - Before find element --> By.cssSelector: a[href='/login']
23:59:11.626  INFO  manager.ListenerWD - After find element --> By.cssSelector: a[href='/login']
23:59:11.669  INFO  manager.ListenerWD - Before find element --> By.cssSelector: a[href='/login']
23:59:11.722  INFO  manager.ListenerWD - After find element --> By.cssSelector: a[href='/login']
23:59:12.184  INFO  manager.ListenerWD - Before find element --> By.name: email
23:59:12.327  INFO  manager.ListenerWD - After find element --> By.name: email
23:59:12.865  INFO  manager.ListenerWD - Before find element --> By.name: password
23:59:12.903  INFO  manager.ListenerWD - After find element --> By.name: password
23:59:13.020  INFO  manager.ListenerWD - Before find element --> By.cssSelector: [name='registration']
23:59:13.035  INFO  manager.ListenerWD - After find element --> By.cssSelector: [name='registration']
23:59:13.120  INFO  manager.ListenerWD - Before find elements --> By.xpath: //button[text()='Sign Out']
23:59:14.235  INFO  manager.ListenerWD - After find elements --> By.xpath: //button[text()='Sign Out']
23:59:14.238  INFO  manager.ListenerWD - List suze is --> 1
23:59:14.242  INFO  tests.TestBase - The name of starts method is --->registrationUserAlreadyExists
23:59:14.243  INFO  manager.ListenerWD - Before find element --> By.cssSelector: a[href='/login']
23:59:19.309  INFO  manager.ListenerWD - The have a 'problem'
23:59:19.309  INFO  manager.ListenerWD - ******************
23:59:19.309  INFO  manager.ListenerWD - Method method ---> findElement
23:59:19.310  INFO  manager.ListenerWD - ******************
23:59:19.311  INFO  manager.ListenerWD - InvocationTargetException getTargetException()org.openqa.selenium.NoSuchElementException: no such element: Unable to locate element: {"method":"css selector","selector":"a[href='/login']"}
  (Session info: chrome=109.0.5414.119)
For documentation on this error, please visit: https://selenium.dev/exceptions/#no_such_element
Build info: version: '4.7.1', revision: 'c6795baf1a3'
System info: os.name: 'Mac OS X', os.arch: 'aarch64', os.version: '12.2.1', java.version: '11.0.18'
Driver info: org.openqa.selenium.chrome.ChromeDriver
Command: [cd382f30b1a173c873af0a628bcb2c8b, findElement {using=css selector, value=a[href='/login']}]
Capabilities {acceptInsecureCerts: false, browserName: chrome, browserVersion: 109.0.5414.119, chrome: {chromedriverVersion: 108.0.5359.71 (1e0e3868ee06..., userDataDir: /var/folders/2f/zzc4g9ts1j9...}, goog:chromeOptions: {debuggerAddress: localhost:58134}, networkConnectionEnabled: false, pageLoadStrategy: normal, platformName: MAC, proxy: Proxy(), se:cdp: ws://localhost:58134/devtoo..., se:cdpVersion: 109.0.5414.119, setWindowRect: true, strictFileInteractability: false, timeouts: {implicit: 0, pageLoad: 300000, script: 30000}, unhandledPromptBehavior: dismiss and notify, webauthn:extension:credBlob: true, webauthn:extension:largeBlob: true, webauthn:virtualAuthenticators: true}
Session ID: cd382f30b1a173c873af0a628bcb2c8b
23:59:19.311  INFO  manager.ListenerWD - ******************
23:59:19.311  INFO  manager.ListenerWD - Object target --->ChromeDriver: chrome on MAC (cd382f30b1a173c873af0a628bcb2c8b)
23:59:19.311  INFO  manager.ListenerWD - ******************
23:59:19.311  INFO  manager.ListenerWD - Screen with error is --->src/test/screenshots/screen-666.png
23:59:20.426  INFO  tests.TestBase - The name of starts method is --->registrationWrongEmail
23:59:20.427  INFO  manager.ListenerWD - Before find element --> By.cssSelector: a[href='/login']
23:59:25.464  INFO  manager.ListenerWD - The have a 'problem'
23:59:25.464  INFO  manager.ListenerWD - ******************
23:59:25.464  INFO  manager.ListenerWD - Method method ---> findElement
23:59:25.464  INFO  manager.ListenerWD - ******************
23:59:25.464  INFO  manager.ListenerWD - InvocationTargetException getTargetException()org.openqa.selenium.NoSuchElementException: no such element: Unable to locate element: {"method":"css selector","selector":"a[href='/login']"}
  (Session info: chrome=109.0.5414.119)
For documentation on this error, please visit: https://selenium.dev/exceptions/#no_such_element
Build info: version: '4.7.1', revision: 'c6795baf1a3'
System info: os.name: 'Mac OS X', os.arch: 'aarch64', os.version: '12.2.1', java.version: '11.0.18'
Driver info: org.openqa.selenium.chrome.ChromeDriver
Command: [cd382f30b1a173c873af0a628bcb2c8b, findElement {using=css selector, value=a[href='/login']}]
Capabilities {acceptInsecureCerts: false, browserName: chrome, browserVersion: 109.0.5414.119, chrome: {chromedriverVersion: 108.0.5359.71 (1e0e3868ee06..., userDataDir: /var/folders/2f/zzc4g9ts1j9...}, goog:chromeOptions: {debuggerAddress: localhost:58134}, networkConnectionEnabled: false, pageLoadStrategy: normal, platformName: MAC, proxy: Proxy(), se:cdp: ws://localhost:58134/devtoo..., se:cdpVersion: 109.0.5414.119, setWindowRect: true, strictFileInteractability: false, timeouts: {implicit: 0, pageLoad: 300000, script: 30000}, unhandledPromptBehavior: dismiss and notify, webauthn:extension:credBlob: true, webauthn:extension:largeBlob: true, webauthn:virtualAuthenticators: true}
Session ID: cd382f30b1a173c873af0a628bcb2c8b
23:59:25.464  INFO  manager.ListenerWD - ******************
23:59:25.465  INFO  manager.ListenerWD - Object target --->ChromeDriver: chrome on MAC (cd382f30b1a173c873af0a628bcb2c8b)
23:59:25.465  INFO  manager.ListenerWD - ******************
23:59:25.465  INFO  manager.ListenerWD - Screen with error is --->src/test/screenshots/screen-745.png
23:59:26.770  INFO  tests.TestBase - The name of starts method is --->registrationWrongPassword
23:59:26.771  INFO  manager.ListenerWD - Before find element --> By.cssSelector: a[href='/login']
23:59:31.827  INFO  manager.ListenerWD - The have a 'problem'
23:59:31.827  INFO  manager.ListenerWD - ******************
23:59:31.828  INFO  manager.ListenerWD - Method method ---> findElement
23:59:31.828  INFO  manager.ListenerWD - ******************
23:59:31.828  INFO  manager.ListenerWD - InvocationTargetException getTargetException()org.openqa.selenium.NoSuchElementException: no such element: Unable to locate element: {"method":"css selector","selector":"a[href='/login']"}
  (Session info: chrome=109.0.5414.119)
For documentation on this error, please visit: https://selenium.dev/exceptions/#no_such_element
Build info: version: '4.7.1', revision: 'c6795baf1a3'
System info: os.name: 'Mac OS X', os.arch: 'aarch64', os.version: '12.2.1', java.version: '11.0.18'
Driver info: org.openqa.selenium.chrome.ChromeDriver
Command: [cd382f30b1a173c873af0a628bcb2c8b, findElement {using=css selector, value=a[href='/login']}]
Capabilities {acceptInsecureCerts: false, browserName: chrome, browserVersion: 109.0.5414.119, chrome: {chromedriverVersion: 108.0.5359.71 (1e0e3868ee06..., userDataDir: /var/folders/2f/zzc4g9ts1j9...}, goog:chromeOptions: {debuggerAddress: localhost:58134}, networkConnectionEnabled: false, pageLoadStrategy: normal, platformName: MAC, proxy: Proxy(), se:cdp: ws://localhost:58134/devtoo..., se:cdpVersion: 109.0.5414.119, setWindowRect: true, strictFileInteractability: false, timeouts: {implicit: 0, pageLoad: 300000, script: 30000}, unhandledPromptBehavior: dismiss and notify, webauthn:extension:credBlob: true, webauthn:extension:largeBlob: true, webauthn:virtualAuthenticators: true}
Session ID: cd382f30b1a173c873af0a628bcb2c8b
23:59:31.828  INFO  manager.ListenerWD - ******************
23:59:31.828  INFO  manager.ListenerWD - Object target --->ChromeDriver: chrome on MAC (cd382f30b1a173c873af0a628bcb2c8b)
23:59:31.828  INFO  manager.ListenerWD - ******************
23:59:31.828  INFO  manager.ListenerWD - Screen with error is --->src/test/screenshots/screen-152.png
